/Users/prasad/Library/Python/3.9/lib/python/site-packages/urllib3/__init__.py:35: NotOpenSSLWarning: urllib3 v2 only supports OpenSSL 1.1.1+, currently the 'ssl' module is compiled with 'LibreSSL 2.8.3'. See: https://github.com/urllib3/urllib3/issues/3020
  warnings.warn(
Chain tip:     9,822,185
Target:        ~1,296,000 blocks (90 days)
API calls:     12,960 pages × 100 blocks
Workers:       3
Rate limit:    2.8 RPS
Estimated:     77 min

  429 rate-limited, backoff 2s...
  429 rate-limited, backoff 2s...
  429 rate-limited, backoff 2s...
  50/12960 pages  (5,000 blocks)  2.5 pg/s  ETA 85m32s
  429 rate-limited, backoff 2s...
  429 rate-limited, backoff 2s...
  100/12960 pages  (10,000 blocks)  2.6 pg/s  ETA 83m15s
  429 rate-limited, backoff 2s...
  429 rate-limited, backoff 2s...
  429 rate-limited, backoff 2s...
  150/12960 pages  (15,000 blocks)  2.6 pg/s  ETA 83m17s
  429 rate-limited, backoff 2s...
  429 rate-limited, backoff 2s...
  429 rate-limited, backoff 2s...
  429 rate-limited, backoff 2s...
  200/12960 pages  (20,000 blocks)  2.6 pg/s  ETA 83m15s
  429 rate-limited, backoff 2s...
  429 rate-limited, backoff 2s...
  429 rate-limited, backoff 2s...
  250/12960 pages  (25,000 blocks)  2.5 pg/s  ETA 83m23s
  429 rate-limited, backoff 2s...
  429 rate-limited, backoff 2s...
  300/12960 pages  (30,000 blocks)  2.5 pg/s  ETA 83m22s
  429 rate-limited, backoff 2s...
  429 rate-limited, backoff 2s...
  429 rate-limited, backoff 2s...
  350/12960 pages  (35,000 blocks)  2.6 pg/s  ETA 81m53s
  429 rate-limited, backoff 2s...
  400/12960 pages  (40,000 blocks)  2.6 pg/s  ETA 81m06s
  429 rate-limited, backoff 2s...
  429 rate-limited, backoff 2s...
  429 rate-limited, backoff 2s...
  450/12960 pages  (45,000 blocks)  2.6 pg/s  ETA 80m49s
  429 rate-limited, backoff 2s...
  429 rate-limited, backoff 2s...
  429 rate-limited, backoff 2s...
  429 rate-limited, backoff 2s...
  500/12960 pages  (50,000 blocks)  2.6 pg/s  ETA 80m45s
  429 rate-limited, backoff 2s...
  429 rate-limited, backoff 2s...
  429 rate-limited, backoff 2s...
  429 rate-limited, backoff 2s...
  550/12960 pages  (55,000 blocks)  2.6 pg/s  ETA 80m42s
  429 rate-limited, backoff 2s...
  429 rate-limited, backoff 2s...
  600/12960 pages  (60,000 blocks)  2.6 pg/s  ETA 80m11s
  429 rate-limited, backoff 2s...
  429 rate-limited, backoff 2s...
  429 rate-limited, backoff 2s...
  650/12960 pages  (65,000 blocks)  2.6 pg/s  ETA 79m58s
  429 rate-limited, backoff 2s...
  429 rate-limited, backoff 2s...
  429 rate-limited, backoff 2s...
  700/12960 pages  (70,000 blocks)  2.6 pg/s  ETA 79m47s
  429 rate-limited, backoff 2s...
  429 rate-limited, backoff 2s...
  429 rate-limited, backoff 2s...
  750/12960 pages  (75,000 blocks)  2.6 pg/s  ETA 79m39s
  429 rate-limited, backoff 2s...
  429 rate-limited, backoff 2s...
  800/12960 pages  (80,000 blocks)  2.6 pg/s  ETA 79m04s
  429 rate-limited, backoff 2s...
  429 rate-limited, backoff 2s...
  429 rate-limited, backoff 2s...
  850/12960 pages  (85,000 blocks)  2.6 pg/s  ETA 78m45s
  429 rate-limited, backoff 2s...
  429 rate-limited, backoff 2s...
  900/12960 pages  (90,000 blocks)  2.6 pg/s  ETA 78m24s
  429 rate-limited, backoff 2s...
  429 rate-limited, backoff 2s...
  429 rate-limited, backoff 2s...
  429 rate-limited, backoff 2s...
  950/12960 pages  (95,000 blocks)  2.5 pg/s  ETA 78m41s
  429 rate-limited, backoff 2s...
  429 rate-limited, backoff 2s...
  429 rate-limited, backoff 2s...
  429 rate-limited, backoff 2s...
  1000/12960 pages  (100,000 blocks)  2.5 pg/s  ETA 78m24s
  429 rate-limited, backoff 2s...
  429 rate-limited, backoff 2s...
  429 rate-limited, backoff 2s...
  1050/12960 pages  (105,000 blocks)  2.5 pg/s  ETA 78m09s
  429 rate-limited, backoff 2s...
  429 rate-limited, backoff 2s...
  429 rate-limited, backoff 2s...
  429 rate-limited, backoff 2s...
  1100/12960 pages  (110,000 blocks)  2.5 pg/s  ETA 77m52s
  429 rate-limited, backoff 2s...
  429 rate-limited, backoff 2s...
  1150/12960 pages  (115,000 blocks)  2.5 pg/s  ETA 77m11s
  429 rate-limited, backoff 2s...
  429 rate-limited, backoff 2s...
  1200/12960 pages  (120,000 blocks)  2.6 pg/s  ETA 76m49s
  429 rate-limited, backoff 2s...
  429 rate-limited, backoff 2s...
  429 rate-limited, backoff 2s...
  1250/12960 pages  (125,000 blocks)  2.6 pg/s  ETA 76m31s
  429 rate-limited, backoff 2s...
  429 rate-limited, backoff 2s...
  429 rate-limited, backoff 2s...
  1300/12960 pages  (130,000 blocks)  2.6 pg/s  ETA 76m11s
  429 rate-limited, backoff 2s...
  429 rate-limited, backoff 2s...
  429 rate-limited, backoff 2s...
  1350/12960 pages  (135,000 blocks)  2.5 pg/s  ETA 75m53s
  429 rate-limited, backoff 2s...
  429 rate-limited, backoff 2s...
  1400/12960 pages  (140,000 blocks)  2.5 pg/s  ETA 75m33s
  429 rate-limited, backoff 2s...
  429 rate-limited, backoff 2s...
  429 rate-limited, backoff 2s...
  429 rate-limited, backoff 2s...
  1450/12960 pages  (145,000 blocks)  2.5 pg/s  ETA 75m19s
  429 rate-limited, backoff 2s...
  429 rate-limited, backoff 2s...
  429 rate-limited, backoff 2s...
  1500/12960 pages  (150,000 blocks)  2.5 pg/s  ETA 75m02s
  429 rate-limited, backoff 2s...
  429 rate-limited, backoff 2s...
  429 rate-limited, backoff 2s...
  1550/12960 pages  (155,000 blocks)  2.5 pg/s  ETA 74m44s
  429 rate-limited, backoff 2s...
  1600/12960 pages  (160,000 blocks)  2.5 pg/s  ETA 74m20s
  429 rate-limited, backoff 2s...
  429 rate-limited, backoff 2s...
  429 rate-limited, backoff 2s...
  1650/12960 pages  (165,000 blocks)  2.5 pg/s  ETA 74m06s
  429 rate-limited, backoff 2s...
  429 rate-limited, backoff 2s...
  1700/12960 pages  (170,000 blocks)  2.5 pg/s  ETA 73m46s
  429 rate-limited, backoff 2s...
  429 rate-limited, backoff 2s...
  1750/12960 pages  (175,000 blocks)  2.5 pg/s  ETA 73m23s
  429 rate-limited, backoff 2s...
  429 rate-limited, backoff 2s...
  429 rate-limited, backoff 2s...
  429 rate-limited, backoff 2s...
  1800/12960 pages  (180,000 blocks)  2.5 pg/s  ETA 73m13s
  429 rate-limited, backoff 2s...
  429 rate-limited, backoff 2s...
  429 rate-limited, backoff 2s...
  1850/12960 pages  (185,000 blocks)  2.5 pg/s  ETA 72m53s
  429 rate-limited, backoff 2s...
  429 rate-limited, backoff 2s...
  429 rate-limited, backoff 2s...
  1900/12960 pages  (190,000 blocks)  2.5 pg/s  ETA 72m36s
  429 rate-limited, backoff 2s...
  429 rate-limited, backoff 2s...
  429 rate-limited, backoff 2s...
  1950/12960 pages  (195,000 blocks)  2.5 pg/s  ETA 72m17s
  429 rate-limited, backoff 2s...
  429 rate-limited, backoff 2s...
  429 rate-limited, backoff 2s...
  2000/12960 pages  (200,000 blocks)  2.5 pg/s  ETA 72m00s
  429 rate-limited, backoff 2s...
  429 rate-limited, backoff 2s...
  429 rate-limited, backoff 2s...
  429 rate-limited, backoff 2s...
  2050/12960 pages  (205,000 blocks)  2.5 pg/s  ETA 71m42s
  429 rate-limited, backoff 2s...
  429 rate-limited, backoff 2s...
  2100/12960 pages  (210,000 blocks)  2.5 pg/s  ETA 71m23s
  429 rate-limited, backoff 2s...
  429 rate-limited, backoff 2s...
  429 rate-limited, backoff 2s...
  429 rate-limited, backoff 2s...
  2150/12960 pages  (215,000 blocks)  2.5 pg/s  ETA 71m06s
  429 rate-limited, backoff 2s...
  429 rate-limited, backoff 2s...
  429 rate-limited, backoff 2s...
  429 rate-limited, backoff 2s...
  2200/12960 pages  (220,000 blocks)  2.5 pg/s  ETA 70m52s
  429 rate-limited, backoff 2s...
  429 rate-limited, backoff 2s...
  429 rate-limited, backoff 2s...
  429 rate-limited, backoff 2s...
  2250/12960 pages  (225,000 blocks)  2.5 pg/s  ETA 70m36s
  429 rate-limited, backoff 2s...
  429 rate-limited, backoff 2s...
  429 rate-limited, backoff 2s...
  429 rate-limited, backoff 2s...
  2300/12960 pages  (230,000 blocks)  2.5 pg/s  ETA 70m19s
  429 rate-limited, backoff 2s...
  429 rate-limited, backoff 2s...
  429 rate-limited, backoff 2s...
  2350/12960 pages  (235,000 blocks)  2.5 pg/s  ETA 70m00s
  429 rate-limited, backoff 2s...
  429 rate-limited, backoff 2s...
  429 rate-limited, backoff 2s...
  429 rate-limited, backoff 2s...
  2400/12960 pages  (240,000 blocks)  2.5 pg/s  ETA 69m44s
  429 rate-limited, backoff 2s...
  429 rate-limited, backoff 2s...
  2450/12960 pages  (245,000 blocks)  2.5 pg/s  ETA 69m22s
  429 rate-limited, backoff 2s...
  429 rate-limited, backoff 2s...
  429 rate-limited, backoff 2s...
  429 rate-limited, backoff 2s...
  2500/12960 pages  (250,000 blocks)  2.5 pg/s  ETA 69m16s
  429 rate-limited, backoff 2s...
  429 rate-limited, backoff 2s...
  2550/12960 pages  (255,000 blocks)  2.5 pg/s  ETA 68m47s
  429 rate-limited, backoff 2s...
  429 rate-limited, backoff 2s...
  429 rate-limited, backoff 2s...
  2600/12960 pages  (260,000 blocks)  2.5 pg/s  ETA 68m37s
  429 rate-limited, backoff 2s...
  429 rate-limited, backoff 2s...
  429 rate-limited, backoff 2s...
  429 rate-limited, backoff 2s...
  2650/12960 pages  (265,000 blocks)  2.5 pg/s  ETA 68m18s
  429 rate-limited, backoff 2s...
  429 rate-limited, backoff 2s...
  429 rate-limited, backoff 2s...
  429 rate-limited, backoff 2s...
  2700/12960 pages  (270,000 blocks)  2.5 pg/s  ETA 67m59s
  429 rate-limited, backoff 2s...
  429 rate-limited, backoff 2s...
  429 rate-limited, backoff 2s...
  2750/12960 pages  (275,000 blocks)  2.5 pg/s  ETA 67m39s
  429 rate-limited, backoff 2s...
  429 rate-limited, backoff 2s...
  429 rate-limited, backoff 2s...
  429 rate-limited, backoff 2s...
  2800/12960 pages  (280,000 blocks)  2.5 pg/s  ETA 67m20s
  429 rate-limited, backoff 2s...
  429 rate-limited, backoff 2s...
  429 rate-limited, backoff 2s...
  2850/12960 pages  (285,000 blocks)  2.5 pg/s  ETA 67m00s
  429 rate-limited, backoff 2s...
  429 rate-limited, backoff 2s...
  2900/12960 pages  (290,000 blocks)  2.5 pg/s  ETA 66m41s
  429 rate-limited, backoff 2s...
  429 rate-limited, backoff 2s...
  429 rate-limited, backoff 2s...
  429 rate-limited, backoff 2s...
  2950/12960 pages  (295,000 blocks)  2.5 pg/s  ETA 66m21s
  429 rate-limited, backoff 2s...
  429 rate-limited, backoff 2s...
  429 rate-limited, backoff 2s...
  3000/12960 pages  (300,000 blocks)  2.5 pg/s  ETA 66m06s
  429 rate-limited, backoff 2s...
  429 rate-limited, backoff 2s...
  429 rate-limited, backoff 2s...
  429 rate-limited, backoff 2s...
  3050/12960 pages  (305,000 blocks)  2.5 pg/s  ETA 65m49s
  429 rate-limited, backoff 2s...
  429 rate-limited, backoff 2s...
  429 rate-limited, backoff 2s...
  3100/12960 pages  (310,000 blocks)  2.5 pg/s  ETA 65m30s
  429 rate-limited, backoff 2s...
  3150/12960 pages  (315,000 blocks)  2.5 pg/s  ETA 65m08s
  429 rate-limited, backoff 2s...
  429 rate-limited, backoff 2s...
  429 rate-limited, backoff 2s...
  3200/12960 pages  (320,000 blocks)  2.5 pg/s  ETA 64m50s
  429 rate-limited, backoff 2s...
  429 rate-limited, backoff 2s...
  429 rate-limited, backoff 2s...
  429 rate-limited, backoff 2s...
  429 rate-limited, backoff 2s...
  3250/12960 pages  (325,000 blocks)  2.5 pg/s  ETA 64m39s
  429 rate-limited, backoff 2s...
  429 rate-limited, backoff 2s...
  3300/12960 pages  (330,000 blocks)  2.5 pg/s  ETA 64m19s
  429 rate-limited, backoff 2s...
  429 rate-limited, backoff 2s...
  3350/12960 pages  (335,000 blocks)  2.5 pg/s  ETA 63m54s
  429 rate-limited, backoff 2s...
  429 rate-limited, backoff 2s...
  429 rate-limited, backoff 2s...
  3400/12960 pages  (340,000 blocks)  2.5 pg/s  ETA 63m37s
  429 rate-limited, backoff 2s...
  429 rate-limited, backoff 2s...
  429 rate-limited, backoff 2s...
  3450/12960 pages  (345,000 blocks)  2.5 pg/s  ETA 63m19s
  429 rate-limited, backoff 2s...
  429 rate-limited, backoff 2s...
  429 rate-limited, backoff 2s...
  3500/12960 pages  (350,000 blocks)  2.5 pg/s  ETA 63m02s
  429 rate-limited, backoff 2s...
  429 rate-limited, backoff 2s...
  3550/12960 pages  (355,000 blocks)  2.5 pg/s  ETA 62m40s
  429 rate-limited, backoff 2s...
  429 rate-limited, backoff 2s...
  429 rate-limited, backoff 2s...
  429 rate-limited, backoff 2s...
  3600/12960 pages  (360,000 blocks)  2.5 pg/s  ETA 62m22s
  429 rate-limited, backoff 2s...
  429 rate-limited, backoff 2s...
  429 rate-limited, backoff 2s...
  429 rate-limited, backoff 2s...
  3650/12960 pages  (365,000 blocks)  2.5 pg/s  ETA 62m04s
  429 rate-limited, backoff 2s...
  429 rate-limited, backoff 2s...
  429 rate-limited, backoff 2s...
  429 rate-limited, backoff 2s...
  3700/12960 pages  (370,000 blocks)  2.5 pg/s  ETA 61m46s
  429 rate-limited, backoff 2s...
  429 rate-limited, backoff 2s...
  429 rate-limited, backoff 2s...
  3750/12960 pages  (375,000 blocks)  2.5 pg/s  ETA 61m27s
  429 rate-limited, backoff 2s...
  429 rate-limited, backoff 2s...
  429 rate-limited, backoff 2s...
  3800/12960 pages  (380,000 blocks)  2.5 pg/s  ETA 61m12s
  429 rate-limited, backoff 2s...
  429 rate-limited, backoff 2s...
  429 rate-limited, backoff 2s...
  3850/12960 pages  (385,000 blocks)  2.5 pg/s  ETA 60m48s
  429 rate-limited, backoff 2s...
  429 rate-limited, backoff 2s...
  429 rate-limited, backoff 2s...
  429 rate-limited, backoff 2s...
  3900/12960 pages  (390,000 blocks)  2.5 pg/s  ETA 60m32s
  429 rate-limited, backoff 2s...
  429 rate-limited, backoff 2s...
  429 rate-limited, backoff 2s...
  3950/12960 pages  (395,000 blocks)  2.5 pg/s  ETA 60m13s
  429 rate-limited, backoff 2s...
  429 rate-limited, backoff 2s...
  429 rate-limited, backoff 2s...
  4000/12960 pages  (400,000 blocks)  2.5 pg/s  ETA 59m55s
  429 rate-limited, backoff 2s...
  429 rate-limited, backoff 2s...
  4050/12960 pages  (405,000 blocks)  2.5 pg/s  ETA 59m34s
  429 rate-limited, backoff 2s...
  429 rate-limited, backoff 2s...
  4100/12960 pages  (410,000 blocks)  2.5 pg/s  ETA 59m14s
  429 rate-limited, backoff 2s...
  429 rate-limited, backoff 2s...
  429 rate-limited, backoff 2s...
  4150/12960 pages  (415,000 blocks)  2.5 pg/s  ETA 58m55s
  429 rate-limited, backoff 2s...
  429 rate-limited, backoff 2s...
  429 rate-limited, backoff 2s...
  4200/12960 pages  (420,000 blocks)  2.5 pg/s  ETA 58m35s
  429 rate-limited, backoff 2s...
  429 rate-limited, backoff 2s...
  429 rate-limited, backoff 2s...
  4250/12960 pages  (425,000 blocks)  2.5 pg/s  ETA 58m15s
  429 rate-limited, backoff 2s...
  429 rate-limited, backoff 2s...
  4300/12960 pages  (430,000 blocks)  2.5 pg/s  ETA 57m54s
  429 rate-limited, backoff 2s...
  429 rate-limited, backoff 2s...
  429 rate-limited, backoff 2s...
  4350/12960 pages  (435,000 blocks)  2.5 pg/s  ETA 57m35s
  4400/12960 pages  (440,000 blocks)  2.5 pg/s  ETA 57m14s
  429 rate-limited, backoff 2s...
  429 rate-limited, backoff 2s...
  429 rate-limited, backoff 2s...
  4450/12960 pages  (445,000 blocks)  2.5 pg/s  ETA 56m56s
  429 rate-limited, backoff 2s...
  429 rate-limited, backoff 2s...
  429 rate-limited, backoff 2s...
  429 rate-limited, backoff 2s...
  4500/12960 pages  (450,000 blocks)  2.5 pg/s  ETA 56m39s
  429 rate-limited, backoff 2s...
  429 rate-limited, backoff 2s...
  429 rate-limited, backoff 2s...
  4550/12960 pages  (455,000 blocks)  2.5 pg/s  ETA 56m19s
  429 rate-limited, backoff 2s...
  429 rate-limited, backoff 2s...
  4600/12960 pages  (460,000 blocks)  2.5 pg/s  ETA 55m57s
  429 rate-limited, backoff 2s...
  429 rate-limited, backoff 2s...
  4650/12960 pages  (465,000 blocks)  2.5 pg/s  ETA 55m36s
  429 rate-limited, backoff 2s...
  429 rate-limited, backoff 2s...
  429 rate-limited, backoff 2s...
  4700/12960 pages  (470,000 blocks)  2.5 pg/s  ETA 55m19s
  429 rate-limited, backoff 2s...
  429 rate-limited, backoff 2s...
  429 rate-limited, backoff 2s...
  4750/12960 pages  (475,000 blocks)  2.5 pg/s  ETA 54m58s
  429 rate-limited, backoff 2s...
  429 rate-limited, backoff 2s...
  4800/12960 pages  (480,000 blocks)  2.5 pg/s  ETA 54m38s
  429 rate-limited, backoff 2s...
  429 rate-limited, backoff 2s...
  429 rate-limited, backoff 2s...
  429 rate-limited, backoff 2s...
  4850/12960 pages  (485,000 blocks)  2.5 pg/s  ETA 54m19s
  429 rate-limited, backoff 2s...
  429 rate-limited, backoff 2s...
  429 rate-limited, backoff 2s...
  4900/12960 pages  (490,000 blocks)  2.5 pg/s  ETA 54m00s
  429 rate-limited, backoff 2s...
  429 rate-limited, backoff 2s...
  429 rate-limited, backoff 2s...
  4950/12960 pages  (495,000 blocks)  2.5 pg/s  ETA 53m40s
  429 rate-limited, backoff 2s...
  429 rate-limited, backoff 2s...
  5000/12960 pages  (500,000 blocks)  2.5 pg/s  ETA 53m20s
  429 rate-limited, backoff 2s...
  429 rate-limited, backoff 2s...
  429 rate-limited, backoff 2s...
  5050/12960 pages  (505,000 blocks)  2.5 pg/s  ETA 53m01s
  429 rate-limited, backoff 2s...
  429 rate-limited, backoff 2s...
  5100/12960 pages  (510,000 blocks)  2.5 pg/s  ETA 52m41s
  429 rate-limited, backoff 2s...
  429 rate-limited, backoff 2s...
  429 rate-limited, backoff 2s...
  5150/12960 pages  (515,000 blocks)  2.5 pg/s  ETA 52m22s
  429 rate-limited, backoff 2s...
  5200/12960 pages  (520,000 blocks)  2.5 pg/s  ETA 52m01s
  429 rate-limited, backoff 2s...
  429 rate-limited, backoff 2s...
  429 rate-limited, backoff 2s...
  429 rate-limited, backoff 2s...
  5250/12960 pages  (525,000 blocks)  2.5 pg/s  ETA 51m43s
  429 rate-limited, backoff 2s...
  429 rate-limited, backoff 2s...
  429 rate-limited, backoff 2s...
  5300/12960 pages  (530,000 blocks)  2.5 pg/s  ETA 51m25s
  429 rate-limited, backoff 2s...
  429 rate-limited, backoff 2s...
  429 rate-limited, backoff 2s...
  429 rate-limited, backoff 2s...
  5350/12960 pages  (535,000 blocks)  2.5 pg/s  ETA 51m06s
  429 rate-limited, backoff 2s...
  429 rate-limited, backoff 2s...
  429 rate-limited, backoff 2s...
  5400/12960 pages  (540,000 blocks)  2.5 pg/s  ETA 50m46s
  429 rate-limited, backoff 2s...
  5450/12960 pages  (545,000 blocks)  2.5 pg/s  ETA 50m25s
  429 rate-limited, backoff 2s...
  429 rate-limited, backoff 2s...
  429 rate-limited, backoff 2s...
  5500/12960 pages  (550,000 blocks)  2.5 pg/s  ETA 50m06s
  429 rate-limited, backoff 2s...
  429 rate-limited, backoff 2s...
  5550/12960 pages  (555,000 blocks)  2.5 pg/s  ETA 49m48s
  429 rate-limited, backoff 2s...
  429 rate-limited, backoff 2s...
  5600/12960 pages  (560,000 blocks)  2.5 pg/s  ETA 49m28s
  429 rate-limited, backoff 2s...
  429 rate-limited, backoff 2s...
  429 rate-limited, backoff 2s...
  5650/12960 pages  (565,000 blocks)  2.5 pg/s  ETA 49m07s
  429 rate-limited, backoff 2s...
  429 rate-limited, backoff 2s...
  429 rate-limited, backoff 2s...
  429 rate-limited, backoff 2s...
  5700/12960 pages  (570,000 blocks)  2.5 pg/s  ETA 48m47s
  429 rate-limited, backoff 2s...
  429 rate-limited, backoff 2s...
  429 rate-limited, backoff 2s...
  429 rate-limited, backoff 2s...
  5750/12960 pages  (575,000 blocks)  2.5 pg/s  ETA 48m29s
  429 rate-limited, backoff 2s...
  5800/12960 pages  (580,000 blocks)  2.5 pg/s  ETA 48m08s
  429 rate-limited, backoff 2s...
  429 rate-limited, backoff 2s...
  429 rate-limited, backoff 2s...
  5850/12960 pages  (585,000 blocks)  2.5 pg/s  ETA 47m48s
  429 rate-limited, backoff 2s...
  429 rate-limited, backoff 2s...
  5900/12960 pages  (590,000 blocks)  2.5 pg/s  ETA 47m29s
  429 rate-limited, backoff 2s...
  429 rate-limited, backoff 2s...
  429 rate-limited, backoff 2s...
  429 rate-limited, backoff 2s...
  5950/12960 pages  (595,000 blocks)  2.5 pg/s  ETA 47m11s
  429 rate-limited, backoff 2s...
  429 rate-limited, backoff 2s...
  429 rate-limited, backoff 2s...
  429 rate-limited, backoff 2s...
  6000/12960 pages  (600,000 blocks)  2.5 pg/s  ETA 46m52s
  429 rate-limited, backoff 2s...
  6050/12960 pages  (605,000 blocks)  2.5 pg/s  ETA 46m30s
  429 rate-limited, backoff 2s...
  429 rate-limited, backoff 2s...
  6100/12960 pages  (610,000 blocks)  2.5 pg/s  ETA 46m10s
  429 rate-limited, backoff 2s...
  429 rate-limited, backoff 2s...
  6150/12960 pages  (615,000 blocks)  2.5 pg/s  ETA 45m50s
  429 rate-limited, backoff 2s...
  429 rate-limited, backoff 2s...
  6200/12960 pages  (620,000 blocks)  2.5 pg/s  ETA 45m29s
  429 rate-limited, backoff 2s...
  429 rate-limited, backoff 2s...
  429 rate-limited, backoff 2s...
  429 rate-limited, backoff 2s...
  6250/12960 pages  (625,000 blocks)  2.5 pg/s  ETA 45m11s
  429 rate-limited, backoff 2s...
  429 rate-limited, backoff 2s...
  429 rate-limited, backoff 2s...
  429 rate-limited, backoff 2s...
  6300/12960 pages  (630,000 blocks)  2.5 pg/s  ETA 44m54s
  429 rate-limited, backoff 2s...
  6350/12960 pages  (635,000 blocks)  2.5 pg/s  ETA 44m31s
  429 rate-limited, backoff 2s...
  429 rate-limited, backoff 2s...
  429 rate-limited, backoff 2s...
  429 rate-limited, backoff 2s...
  6400/12960 pages  (640,000 blocks)  2.5 pg/s  ETA 44m13s
  429 rate-limited, backoff 2s...
  429 rate-limited, backoff 2s...
  429 rate-limited, backoff 2s...
  6450/12960 pages  (645,000 blocks)  2.5 pg/s  ETA 43m52s
  429 rate-limited, backoff 2s...
  429 rate-limited, backoff 2s...
  6500/12960 pages  (650,000 blocks)  2.5 pg/s  ETA 43m33s
  429 rate-limited, backoff 2s...
  429 rate-limited, backoff 2s...
  429 rate-limited, backoff 2s...
  6550/12960 pages  (655,000 blocks)  2.5 pg/s  ETA 43m13s
  429 rate-limited, backoff 2s...
  6600/12960 pages  (660,000 blocks)  2.5 pg/s  ETA 42m52s
  429 rate-limited, backoff 2s...
  429 rate-limited, backoff 2s...
  429 rate-limited, backoff 2s...
  429 rate-limited, backoff 2s...
  6650/12960 pages  (665,000 blocks)  2.5 pg/s  ETA 42m33s
  429 rate-limited, backoff 2s...
  429 rate-limited, backoff 2s...
  6700/12960 pages  (670,000 blocks)  2.5 pg/s  ETA 42m15s
  429 rate-limited, backoff 2s...
  429 rate-limited, backoff 2s...
  6750/12960 pages  (675,000 blocks)  2.5 pg/s  ETA 41m54s
  429 rate-limited, backoff 2s...
  429 rate-limited, backoff 2s...
  429 rate-limited, backoff 2s...
  429 rate-limited, backoff 2s...
  6800/12960 pages  (680,000 blocks)  2.5 pg/s  ETA 41m35s
  429 rate-limited, backoff 2s...
  6850/12960 pages  (685,000 blocks)  2.5 pg/s  ETA 41m14s
  429 rate-limited, backoff 2s...
  429 rate-limited, backoff 2s...
  429 rate-limited, backoff 2s...
  6900/12960 pages  (690,000 blocks)  2.5 pg/s  ETA 40m55s
  429 rate-limited, backoff 2s...
  429 rate-limited, backoff 2s...
  429 rate-limited, backoff 2s...
  429 rate-limited, backoff 2s...
  6950/12960 pages  (695,000 blocks)  2.5 pg/s  ETA 40m37s
  429 rate-limited, backoff 2s...
  7000/12960 pages  (700,000 blocks)  2.5 pg/s  ETA 40m15s
  429 rate-limited, backoff 2s...
  7050/12960 pages  (705,000 blocks)  2.5 pg/s  ETA 39m56s
  429 rate-limited, backoff 2s...
  429 rate-limited, backoff 2s...
  429 rate-limited, backoff 2s...
  7100/12960 pages  (710,000 blocks)  2.5 pg/s  ETA 39m35s
  7150/12960 pages  (715,000 blocks)  2.5 pg/s  ETA 39m14s
  429 rate-limited, backoff 2s...
  429 rate-limited, backoff 2s...
  7200/12960 pages  (720,000 blocks)  2.5 pg/s  ETA 38m54s
  429 rate-limited, backoff 2s...
  429 rate-limited, backoff 2s...
  429 rate-limited, backoff 2s...
  7250/12960 pages  (725,000 blocks)  2.5 pg/s  ETA 38m35s
  429 rate-limited, backoff 2s...
  429 rate-limited, backoff 2s...
  7300/12960 pages  (730,000 blocks)  2.5 pg/s  ETA 38m14s
  429 rate-limited, backoff 2s...
  429 rate-limited, backoff 2s...
  429 rate-limited, backoff 2s...
  429 rate-limited, backoff 2s...
  7350/12960 pages  (735,000 blocks)  2.5 pg/s  ETA 37m57s
  429 rate-limited, backoff 2s...
  429 rate-limited, backoff 2s...
  429 rate-limited, backoff 2s...
  7400/12960 pages  (740,000 blocks)  2.5 pg/s  ETA 37m36s
  429 rate-limited, backoff 2s...
  7450/12960 pages  (745,000 blocks)  2.5 pg/s  ETA 37m16s
  429 rate-limited, backoff 2s...
  429 rate-limited, backoff 2s...
  7500/12960 pages  (750,000 blocks)  2.5 pg/s  ETA 36m55s
  429 rate-limited, backoff 2s...
  429 rate-limited, backoff 2s...
  7550/12960 pages  (755,000 blocks)  2.5 pg/s  ETA 36m35s
  429 rate-limited, backoff 2s...
  429 rate-limited, backoff 2s...
  7600/12960 pages  (760,000 blocks)  2.5 pg/s  ETA 36m15s
  429 rate-limited, backoff 2s...
  429 rate-limited, backoff 2s...
  429 rate-limited, backoff 2s...
  429 rate-limited, backoff 2s...
  7650/12960 pages  (765,000 blocks)  2.5 pg/s  ETA 35m56s
  429 rate-limited, backoff 2s...
  429 rate-limited, backoff 2s...
  7700/12960 pages  (770,000 blocks)  2.5 pg/s  ETA 35m36s
  429 rate-limited, backoff 2s...
  429 rate-limited, backoff 2s...
  429 rate-limited, backoff 2s...
  7750/12960 pages  (775,000 blocks)  2.5 pg/s  ETA 35m16s
  429 rate-limited, backoff 2s...
  7800/12960 pages  (780,000 blocks)  2.5 pg/s  ETA 34m56s
  429 rate-limited, backoff 2s...
  429 rate-limited, backoff 2s...
  7850/12960 pages  (785,000 blocks)  2.5 pg/s  ETA 34m35s
  429 rate-limited, backoff 2s...
  429 rate-limited, backoff 2s...
  7900/12960 pages  (790,000 blocks)  2.5 pg/s  ETA 34m15s
  429 rate-limited, backoff 2s...
  7950/12960 pages  (795,000 blocks)  2.5 pg/s  ETA 33m55s
  8000/12960 pages  (800,000 blocks)  2.5 pg/s  ETA 33m34s
  429 rate-limited, backoff 2s...
  429 rate-limited, backoff 2s...
  8050/12960 pages  (805,000 blocks)  2.5 pg/s  ETA 33m14s
  8100/12960 pages  (810,000 blocks)  2.5 pg/s  ETA 32m53s
  429 rate-limited, backoff 2s...
  429 rate-limited, backoff 2s...
  429 rate-limited, backoff 2s...
  8150/12960 pages  (815,000 blocks)  2.5 pg/s  ETA 32m35s
  429 rate-limited, backoff 2s...
  429 rate-limited, backoff 2s...
  8200/12960 pages  (820,000 blocks)  2.5 pg/s  ETA 32m14s
  429 rate-limited, backoff 2s...
  429 rate-limited, backoff 2s...
  429 rate-limited, backoff 2s...
  8250/12960 pages  (825,000 blocks)  2.5 pg/s  ETA 31m54s
  429 rate-limited, backoff 2s...
  8300/12960 pages  (830,000 blocks)  2.5 pg/s  ETA 31m34s
  8350/12960 pages  (835,000 blocks)  2.5 pg/s  ETA 31m13s
  429 rate-limited, backoff 2s...
  429 rate-limited, backoff 2s...
  8400/12960 pages  (840,000 blocks)  2.5 pg/s  ETA 30m53s
  429 rate-limited, backoff 2s...
  429 rate-limited, backoff 2s...
  429 rate-limited, backoff 2s...
  8450/12960 pages  (845,000 blocks)  2.5 pg/s  ETA 30m33s
  429 rate-limited, backoff 2s...
  429 rate-limited, backoff 2s...
  429 rate-limited, backoff 2s...
  8500/12960 pages  (850,000 blocks)  2.5 pg/s  ETA 30m14s
  429 rate-limited, backoff 2s...
  429 rate-limited, backoff 2s...
  429 rate-limited, backoff 2s...
  429 rate-limited, backoff 2s...
  8550/12960 pages  (855,000 blocks)  2.5 pg/s  ETA 29m54s
  8600/12960 pages  (860,000 blocks)  2.5 pg/s  ETA 29m34s
  429 rate-limited, backoff 2s...
  429 rate-limited, backoff 2s...
  8650/12960 pages  (865,000 blocks)  2.5 pg/s  ETA 29m14s
  429 rate-limited, backoff 2s...
  8700/12960 pages  (870,000 blocks)  2.5 pg/s  ETA 28m55s
  429 rate-limited, backoff 2s...
  8750/12960 pages  (875,000 blocks)  2.5 pg/s  ETA 28m33s
  429 rate-limited, backoff 2s...
  429 rate-limited, backoff 2s...
  8800/12960 pages  (880,000 blocks)  2.5 pg/s  ETA 28m13s
  429 rate-limited, backoff 2s...
  8850/12960 pages  (885,000 blocks)  2.5 pg/s  ETA 27m52s
  429 rate-limited, backoff 2s...
  429 rate-limited, backoff 2s...
  8900/12960 pages  (890,000 blocks)  2.5 pg/s  ETA 27m32s
  429 rate-limited, backoff 2s...
  429 rate-limited, backoff 2s...
  429 rate-limited, backoff 2s...
  8950/12960 pages  (895,000 blocks)  2.5 pg/s  ETA 27m12s
  429 rate-limited, backoff 2s...
  9000/12960 pages  (900,000 blocks)  2.5 pg/s  ETA 26m52s
  429 rate-limited, backoff 2s...
  9050/12960 pages  (905,000 blocks)  2.5 pg/s  ETA 26m32s
  429 rate-limited, backoff 2s...
  429 rate-limited, backoff 2s...
  9100/12960 pages  (910,000 blocks)  2.5 pg/s  ETA 26m12s
  429 rate-limited, backoff 2s...
  429 rate-limited, backoff 2s...
  9150/12960 pages  (915,000 blocks)  2.5 pg/s  ETA 25m52s
  429 rate-limited, backoff 2s...
  9200/12960 pages  (920,000 blocks)  2.5 pg/s  ETA 25m32s
  429 rate-limited, backoff 2s...
  429 rate-limited, backoff 2s...
  429 rate-limited, backoff 2s...
  429 rate-limited, backoff 2s...
  9250/12960 pages  (925,000 blocks)  2.5 pg/s  ETA 25m12s
  429 rate-limited, backoff 2s...
  9300/12960 pages  (930,000 blocks)  2.5 pg/s  ETA 24m51s
  429 rate-limited, backoff 2s...
  429 rate-limited, backoff 2s...
  429 rate-limited, backoff 2s...
  9350/12960 pages  (935,000 blocks)  2.5 pg/s  ETA 24m32s
  429 rate-limited, backoff 2s...
  9400/12960 pages  (940,000 blocks)  2.5 pg/s  ETA 24m11s
  429 rate-limited, backoff 2s...
  9450/12960 pages  (945,000 blocks)  2.5 pg/s  ETA 23m51s
  429 rate-limited, backoff 2s...
  9500/12960 pages  (950,000 blocks)  2.5 pg/s  ETA 23m30s
  429 rate-limited, backoff 2s...
  429 rate-limited, backoff 2s...
  429 rate-limited, backoff 2s...
  9550/12960 pages  (955,000 blocks)  2.5 pg/s  ETA 23m11s
  9600/12960 pages  (960,000 blocks)  2.5 pg/s  ETA 22m50s
  429 rate-limited, backoff 2s...
  9650/12960 pages  (965,000 blocks)  2.5 pg/s  ETA 22m29s
  429 rate-limited, backoff 2s...
  429 rate-limited, backoff 2s...
  9700/12960 pages  (970,000 blocks)  2.5 pg/s  ETA 22m09s
  9750/12960 pages  (975,000 blocks)  2.5 pg/s  ETA 21m49s
  429 rate-limited, backoff 2s...
  9800/12960 pages  (980,000 blocks)  2.5 pg/s  ETA 21m28s
  429 rate-limited, backoff 2s...
  9850/12960 pages  (985,000 blocks)  2.5 pg/s  ETA 21m08s
  429 rate-limited, backoff 2s...
  9900/12960 pages  (990,000 blocks)  2.5 pg/s  ETA 20m47s
  9950/12960 pages  (995,000 blocks)  2.5 pg/s  ETA 20m27s
  429 rate-limited, backoff 2s...
  10000/12960 pages  (1,000,000 blocks)  2.5 pg/s  ETA 20m07s
  429 rate-limited, backoff 2s...
  10050/12960 pages  (1,005,000 blocks)  2.5 pg/s  ETA 19m46s
  429 rate-limited, backoff 2s...
  10100/12960 pages  (1,010,000 blocks)  2.5 pg/s  ETA 19m25s
  429 rate-limited, backoff 2s...
  429 rate-limited, backoff 2s...
  10150/12960 pages  (1,015,000 blocks)  2.5 pg/s  ETA 19m05s
  429 rate-limited, backoff 2s...
  10200/12960 pages  (1,020,000 blocks)  2.5 pg/s  ETA 18m45s
  429 rate-limited, backoff 2s...
  429 rate-limited, backoff 2s...
  10250/12960 pages  (1,025,000 blocks)  2.5 pg/s  ETA 18m25s
  429 rate-limited, backoff 2s...
  429 rate-limited, backoff 2s...
  10300/12960 pages  (1,030,000 blocks)  2.5 pg/s  ETA 18m05s
  429 rate-limited, backoff 2s...
  429 rate-limited, backoff 2s...
  10350/12960 pages  (1,035,000 blocks)  2.5 pg/s  ETA 17m45s
  429 rate-limited, backoff 2s...
  10400/12960 pages  (1,040,000 blocks)  2.5 pg/s  ETA 17m24s
  10450/12960 pages  (1,045,000 blocks)  2.5 pg/s  ETA 17m04s
  429 rate-limited, backoff 2s...
  10500/12960 pages  (1,050,000 blocks)  2.5 pg/s  ETA 16m43s
  10550/12960 pages  (1,055,000 blocks)  2.5 pg/s  ETA 16m23s
  10600/12960 pages  (1,060,000 blocks)  2.5 pg/s  ETA 16m02s
  10650/12960 pages  (1,065,000 blocks)  2.5 pg/s  ETA 15m42s
  429 rate-limited, backoff 2s...
  10700/12960 pages  (1,070,000 blocks)  2.5 pg/s  ETA 15m21s
  429 rate-limited, backoff 2s...
  10750/12960 pages  (1,075,000 blocks)  2.5 pg/s  ETA 15m01s
  429 rate-limited, backoff 2s...
  10800/12960 pages  (1,080,000 blocks)  2.5 pg/s  ETA 14m40s
  429 rate-limited, backoff 2s...
  10850/12960 pages  (1,085,000 blocks)  2.5 pg/s  ETA 14m20s
  10900/12960 pages  (1,090,000 blocks)  2.5 pg/s  ETA 14m00s
  429 rate-limited, backoff 2s...
  429 rate-limited, backoff 2s...
  429 rate-limited, backoff 2s...
  429 rate-limited, backoff 2s...
  10950/12960 pages  (1,095,000 blocks)  2.5 pg/s  ETA 13m40s
  429 rate-limited, backoff 2s...
  429 rate-limited, backoff 2s...
  11000/12960 pages  (1,100,000 blocks)  2.5 pg/s  ETA 13m19s
  429 rate-limited, backoff 2s...
  11050/12960 pages  (1,105,000 blocks)  2.4 pg/s  ETA 12m59s
  429 rate-limited, backoff 2s...
  11100/12960 pages  (1,110,000 blocks)  2.4 pg/s  ETA 12m39s
  429 rate-limited, backoff 2s...
  429 rate-limited, backoff 2s...
  429 rate-limited, backoff 2s...
  11150/12960 pages  (1,115,000 blocks)  2.4 pg/s  ETA 12m19s
  429 rate-limited, backoff 2s...
  429 rate-limited, backoff 2s...
  11200/12960 pages  (1,120,000 blocks)  2.4 pg/s  ETA 11m58s
  429 rate-limited, backoff 2s...
  11250/12960 pages  (1,125,000 blocks)  2.4 pg/s  ETA 11m38s
  429 rate-limited, backoff 2s...
  11300/12960 pages  (1,130,000 blocks)  2.4 pg/s  ETA 11m17s
  429 rate-limited, backoff 2s...
  11350/12960 pages  (1,135,000 blocks)  2.4 pg/s  ETA 10m57s
  429 rate-limited, backoff 2s...
  11400/12960 pages  (1,140,000 blocks)  2.4 pg/s  ETA 10m37s
  11450/12960 pages  (1,145,000 blocks)  2.4 pg/s  ETA 10m16s
  11500/12960 pages  (1,150,000 blocks)  2.4 pg/s  ETA 9m56s
  429 rate-limited, backoff 2s...
  429 rate-limited, backoff 2s...
  11550/12960 pages  (1,155,000 blocks)  2.4 pg/s  ETA 9m35s
  429 rate-limited, backoff 2s...
  429 rate-limited, backoff 2s...
  429 rate-limited, backoff 2s...
  11600/12960 pages  (1,160,000 blocks)  2.4 pg/s  ETA 9m15s
  429 rate-limited, backoff 2s...
  11650/12960 pages  (1,165,000 blocks)  2.4 pg/s  ETA 8m55s
  11700/12960 pages  (1,170,000 blocks)  2.4 pg/s  ETA 8m34s
  11750/12960 pages  (1,175,000 blocks)  2.4 pg/s  ETA 8m14s
  11800/12960 pages  (1,180,000 blocks)  2.4 pg/s  ETA 7m53s
  429 rate-limited, backoff 2s...
  429 rate-limited, backoff 2s...
  11850/12960 pages  (1,185,000 blocks)  2.4 pg/s  ETA 7m33s
  429 rate-limited, backoff 2s...
  11900/12960 pages  (1,190,000 blocks)  2.4 pg/s  ETA 7m13s
  11950/12960 pages  (1,195,000 blocks)  2.4 pg/s  ETA 6m52s
  12000/12960 pages  (1,200,000 blocks)  2.4 pg/s  ETA 6m32s
  12050/12960 pages  (1,205,000 blocks)  2.4 pg/s  ETA 6m11s
  12100/12960 pages  (1,210,000 blocks)  2.4 pg/s  ETA 5m51s
  12150/12960 pages  (1,215,000 blocks)  2.4 pg/s  ETA 5m30s
  429 rate-limited, backoff 2s...
  12200/12960 pages  (1,220,000 blocks)  2.4 pg/s  ETA 5m10s
  429 rate-limited, backoff 2s...
  429 rate-limited, backoff 2s...
  12250/12960 pages  (1,225,000 blocks)  2.4 pg/s  ETA 4m49s
  12300/12960 pages  (1,230,000 blocks)  2.4 pg/s  ETA 4m29s
  12350/12960 pages  (1,235,000 blocks)  2.4 pg/s  ETA 4m09s
  429 rate-limited, backoff 2s...
  429 rate-limited, backoff 2s...
  429 rate-limited, backoff 2s...
  12400/12960 pages  (1,240,000 blocks)  2.4 pg/s  ETA 3m48s
  12450/12960 pages  (1,245,000 blocks)  2.4 pg/s  ETA 3m28s
  12500/12960 pages  (1,250,000 blocks)  2.4 pg/s  ETA 3m08s
  429 rate-limited, backoff 2s...
  12550/12960 pages  (1,255,000 blocks)  2.4 pg/s  ETA 2m47s
  429 rate-limited, backoff 2s...
  12600/12960 pages  (1,260,000 blocks)  2.4 pg/s  ETA 2m27s
  12650/12960 pages  (1,265,000 blocks)  2.4 pg/s  ETA 2m06s
  12700/12960 pages  (1,270,000 blocks)  2.4 pg/s  ETA 1m46s
  429 rate-limited, backoff 2s...
  12750/12960 pages  (1,275,000 blocks)  2.4 pg/s  ETA 1m25s
  12800/12960 pages  (1,280,000 blocks)  2.4 pg/s  ETA 1m05s
  429 rate-limited, backoff 2s...
  12850/12960 pages  (1,285,000 blocks)  2.4 pg/s  ETA 0m45s
  12900/12960 pages  (1,290,000 blocks)  2.4 pg/s  ETA 0m24s
  12950/12960 pages  (1,295,000 blocks)  2.4 pg/s  ETA 0m04s
  12960/12960 pages  (1,296,000 blocks)  2.4 pg/s  ETA 0m00s

CSV -> data/  (92 daily files, 1,294,912 blocks total)
Fetching 90-day hourly TIA/USD from CoinGecko...
  2161 price points
CSV -> /Users/prasad/projects/da-rsrch/protocol/Celestia/data/prices.csv  (2161 rows)
JSON -> /Users/prasad/projects/da-rsrch/protocol/Celestia/data/chain_config.json

==========================================================================================
  CELESTIA DA — COLLECTION SUMMARY
==========================================================================================
  Blocks:        1,294,912  (8,524,265 – 9,822,185)
  Date range:    2025-11-15 → 2026-02-14  (92 days)
  Era:           Current  (app_v6)
  Max capacity:  8 MiB  (128² × 512B)
  Protocol max:  1.3136 MiB/s
  With blobs:    1,229,693 / 1,294,912 (95.0%)
  Ref cost/MiB:  0.060273 TIA
------------------------------------------------------------------------------------------
  Block time (ms)         p10=6063  p50=6090  p90=6115  p99=10099  mean=6052
  Blobs size (B)          p10=503  p50=97816  p90=187616  p99=7455686  mean=509328
  Blobs count             p10=1  p50=32  p90=124  p99=256  mean=49
  Fee (utia)              p10=692  p50=4725  p90=30973  p99=285635  mean=25422
  Throughput MiB/s        p10=0.0002  p50=0.0154  p90=0.0341  p99=1.1666  mean=0.0844
------------------------------------------------------------------------------------------
  TIA/USD:       $0.3455  (range: $0.2997 – $0.8490)
  Cost/MiB USD:  $0.02082263
  Price points:  2161
==========================================================================================

